TN:
SF:app.js
FN:16,(anonymous_0)
FNF:1
FNH:1
FNDA:1,(anonymous_0)
DA:1,1
DA:3,1
DA:5,1
DA:7,1
DA:9,1
DA:11,1
DA:13,1
DA:16,1
DA:18,1
LF:9
LH:9
BRF:0
BRH:0
end_of_record
TN:
SF:config.js
FNF:0
FNH:0
DA:1,1
DA:6,1
LF:2
LH:2
BRF:0
BRH:0
end_of_record
TN:
SF:helper.js
FN:1,verifyToken
FNF:1
FNH:1
FNDA:2,verifyToken
DA:3,2
DA:6,2
DA:8,2
DA:10,2
DA:12,2
DA:14,2
DA:17,0
DA:21,1
LF:8
LH:7
BRDA:6,0,0,2
BRDA:6,0,1,0
BRF:2
BRH:1
end_of_record
TN:
SF:routes.js
FN:4,(anonymous_0)
FNF:1
FNH:1
FNDA:1,(anonymous_0)
DA:2,1
DA:4,1
DA:6,1
DA:9,1
DA:13,1
DA:17,1
DA:21,1
LF:7
LH:7
BRF:0
BRH:0
end_of_record
TN:
SF:users.js
FNF:0
FNH:0
DA:1,1
DA:29,1
LF:2
LH:2
BRF:0
BRH:0
end_of_record
TN:
SF:controller/app.controller.js
FN:7,(anonymous_0)
FN:13,(anonymous_1)
FN:20,(anonymous_2)
FN:27,(anonymous_3)
FN:40,(anonymous_4)
FN:41,(anonymous_5)
FN:67,(anonymous_6)
FN:68,(anonymous_7)
FNF:8
FNH:8
FNDA:1,(anonymous_0)
FNDA:1,(anonymous_1)
FNDA:2,(anonymous_2)
FNDA:1,(anonymous_3)
FNDA:1,(anonymous_4)
FNDA:1,(anonymous_5)
FNDA:1,(anonymous_6)
FNDA:1,(anonymous_7)
DA:1,1
DA:2,1
DA:3,1
DA:4,1
DA:5,1
DA:7,1
DA:8,1
DA:13,1
DA:14,1
DA:15,0
DA:18,1
DA:19,1
DA:20,2
DA:22,1
DA:23,0
DA:27,1
DA:28,1
DA:34,0
DA:40,1
DA:41,1
DA:42,1
DA:43,0
DA:44,1
DA:45,0
DA:48,1
DA:49,1
DA:50,1
DA:51,1
DA:52,1
DA:53,1
DA:55,0
DA:60,0
DA:67,1
DA:68,1
DA:69,1
DA:70,0
DA:72,1
DA:73,1
DA:74,1
DA:75,1
DA:76,1
DA:78,1
DA:82,1
DA:85,0
LF:44
LH:35
BRDA:14,0,0,0
BRDA:14,0,1,1
BRDA:18,1,0,1
BRDA:18,1,1,0
BRDA:18,2,0,1
BRDA:18,2,1,1
BRDA:20,3,0,2
BRDA:20,3,1,1
BRDA:22,4,0,0
BRDA:22,4,1,1
BRDA:42,5,0,0
BRDA:42,5,1,1
BRDA:44,6,0,0
BRDA:44,6,1,1
BRDA:48,7,0,1
BRDA:48,7,1,0
BRDA:48,8,0,1
BRDA:48,8,1,1
BRDA:69,9,0,0
BRDA:69,9,1,1
BRF:20
BRH:13
end_of_record
